<?xml version="1.0" encoding="UTF-8"?>
<!-- Generated by org.testng.reporters.JUnitReportReporter -->
<testsuite hostname="Hrushi" failures="0" tests="1" name="com.practice.sample.testscripts.LoginPage3" time="9.021" errors="0" timestamp="2025-04-22T17:11:31 IST" skipped="0">
  <testcase classname="com.practice.sample.testscripts.LoginPage3" name="login" time="9.021"/>
</testsuite> <!-- com.practice.sample.testscripts.LoginPage3 -->
