<?xml version="1.0" encoding="UTF-8"?>
<!-- Generated by org.testng.reporters.JUnitReportReporter -->
<testsuite hostname="Hrushi" failures="0" tests="1" name="practice.ExtendsReportDemo" time="6.663" errors="0" timestamp="2025-04-22T14:34:26 IST" skipped="0">
  <testcase classname="practice.ExtendsReportDemo" name="google" time="6.663"/>
</testsuite> <!-- practice.ExtendsReportDemo -->
