<?xml version="1.0" encoding="UTF-8"?>
<!-- Generated by org.testng.reporters.JUnitReportReporter -->
<testsuite hostname="Hrushi" failures="0" tests="1" name="DemoOne.demo" time="0.024" errors="0" timestamp="2025-04-21T00:38:28 IST" skipped="0">
  <testcase classname="DemoOne.demo" name="two" time="0.024"/>
</testsuite> <!-- DemoOne.demo -->
