<?xml version="1.0" encoding="UTF-8"?>
<!-- Generated by org.testng.reporters.JUnitReportReporter -->
<testsuite hostname="Hrushi" failures="0" tests="1" name="practice.LoginPage2" time="20.814" errors="0" timestamp="2025-04-21T19:25:56 IST" skipped="0">
  <testcase classname="practice.LoginPage2" name="login" time="20.814"/>
</testsuite> <!-- practice.LoginPage2 -->
