<?xml version="1.0" encoding="UTF-8"?>
<!-- Generated by org.testng.reporters.JUnitReportReporter -->
<testsuite hostname="Hrushi" failures="0" tests="1" name="practice.LoginPage" time="10.097" errors="0" timestamp="2025-04-21T13:14:10 IST" skipped="0">
  <testcase classname="practice.LoginPage" name="login" time="10.097"/>
</testsuite> <!-- practice.LoginPage -->
