<?xml version="1.0" encoding="UTF-8"?>
<!-- Generated by org.testng.reporters.JUnitReportReporter -->
<testsuite hostname="Hrushi" failures="0" tests="1" name="practice.LoginPage3" time="17.022" errors="0" timestamp="2025-04-22T00:48:12 IST" skipped="0">
  <testcase classname="practice.LoginPage3" name="login" time="17.022"/>
</testsuite> <!-- practice.LoginPage3 -->
