<?xml version="1.0" encoding="UTF-8"?>
<!-- Generated by org.testng.reporters.JUnitReportReporter -->
<testsuite hostname="Hrushi" failures="0" tests="1" name="com.practice.sample.testscripts.VerifyProductAddToCartTest" time="20.733" errors="0" timestamp="2025-04-24T14:37:56 IST" skipped="0">
  <testcase classname="com.practice.sample.testscripts.VerifyProductAddToCartTest" name="productVerify" time="20.733"/>
</testsuite> <!-- com.practice.sample.testscripts.VerifyProductAddToCartTest -->
