<?xml version="1.0" encoding="UTF-8"?>
<!-- Generated by org.testng.reporters.JUnitReportReporter -->
<testsuite hostname="Hrushi" failures="0" tests="1" name="com.practice.sample.testscripts.PlaceOrderTest" time="16.925" errors="0" timestamp="2025-04-23T14:45:08 IST" skipped="0">
  <testcase classname="com.practice.sample.testscripts.PlaceOrderTest" name="orderPlace" time="16.925"/>
</testsuite> <!-- com.practice.sample.testscripts.PlaceOrderTest -->
